<?xml version="1.0" encoding="utf-8"?><testsuites><testsuite name="pytest" errors="0" failures="0" skipped="0" tests="25" time="23.604" timestamp="2024-11-24T12:29:10.609607+00:00" hostname="Dell-Fabricio"><testcase classname="backend_unit_test.test_app" name="test_homepage" time="0.350" /><testcase classname="backend_unit_test.test_app" name="test_user_registration" time="1.059" /><testcase classname="backend_unit_test.test_app" name="test_user_login" time="1.339" /><testcase classname="backend_unit_test.test_app" name="test_user_logout" time="0.973" /><testcase classname="backend_unit_test.test_app" name="test_profile_view" time="1.784" /><testcase classname="backend_unit_test.test_app" name="test_add_book_to_user" time="1.033" /><testcase classname="backend_unit_test.test_app" name="test_remove_book_from_user" time="0.947" /><testcase classname="backend_unit_test.test_app" name="test_create_club" time="0.967" /><testcase classname="backend_unit_test.test_app" name="test_club_membership" time="1.739" /><testcase classname="backend_unit_test.test_app" name="test_club_messages" time="1.042" /><testcase classname="backend_unit_test.test_app" name="test_protected_routes" time="0.279" /><testcase classname="backend_unit_test.test_app" name="test_book_search" time="1.780" /><testcase classname="backend_unit_test.test_app" name="test_book_details" time="1.413" /><testcase classname="backend_unit_test.test_model" name="test_user_model_creation" time="0.628" /><testcase classname="backend_unit_test.test_model" name="test_user_authentication" time="1.364" /><testcase classname="backend_unit_test.test_model" name="test_user_update" time="0.618" /><testcase classname="backend_unit_test.test_model" name="test_user_password_update" time="1.685" /><testcase classname="backend_unit_test.test_model" name="test_book_model_creation" time="0.231" /><testcase classname="backend_unit_test.test_model" name="test_user_book_relationship" time="0.597" /><testcase classname="backend_unit_test.test_model" name="test_user_book_log" time="0.636" /><testcase classname="backend_unit_test.test_model" name="test_comment_functionality" time="0.634" /><testcase classname="backend_unit_test.test_model" name="test_club_functionality" time="0.597" /><testcase classname="backend_unit_test.test_model" name="test_club_membership" time="1.027" /><testcase classname="backend_unit_test.test_model" name="test_message_functionality" time="0.649" /><testcase classname="backend_unit_test.test_model" name="test_delete_operations" time="0.635" /></testsuite></testsuites>